<?xml version="1.0" encoding="UTF-8"?>
<!-- Generated by org.testng.reporters.JUnitReportReporter -->
<testsuite skipped="0" hostname="User" name="TestNG.NewTest" tests="1" failures="0" timestamp="10 Feb 2018 12:39:30 GMT" time="21.865" errors="0">
  <testcase name="test1" time="21.865" classname="TestNG.NewTest"/>
</testsuite> <!-- TestNG.NewTest -->
