<?xml version="1.0" encoding="UTF-8"?>
<!-- Generated by org.testng.reporters.JUnitReportReporter -->
<testsuite skipped="0" hostname="User" name="TestNG.NewTest" tests="1" failures="0" timestamp="14 Feb 2018 03:45:33 GMT" time="5.980" errors="0">
  <testcase name="test1" time="5.980" classname="TestNG.NewTest"/>
</testsuite> <!-- TestNG.NewTest -->
